Using pre-set license
Built from '2020.3/china_unity/release' branch; Version is '2021.3.41f1c1 (abf9ed549ceb) revision 11270637'; Using compiler version '192829333'; Build Type 'Release'
OS: 'Windows 10  (10.0.19043) 64bit Professional' Language: 'zh' Physical Memory: 65440 MB
BatchMode: 1, IsHumanControllingUs: 0, StartBugReporterOnCrash: 0, Is64bit: 1, IsPro: 1

COMMAND LINE ARGUMENTS:
D:\Unity Hub\Editor\2021.3.41f1c1\Editor\Unity.exe
-adb2
-batchMode
-noUpm
-name
AssetImportWorker4
-projectPath
D:/UnityProject/XiaoFeiJi/XiaoFeiJi
-logFile
Logs/AssetImportWorker4.log
-srvPort
62429
Successfully changed project path to: D:/UnityProject/XiaoFeiJi/XiaoFeiJi
D:/UnityProject/XiaoFeiJi/XiaoFeiJi
[UnityMemory] Configuration Parameters - Can be set up in boot.config
    "memorysetup-bucket-allocator-granularity=16"
    "memorysetup-bucket-allocator-bucket-count=8"
    "memorysetup-bucket-allocator-block-size=33554432"
    "memorysetup-bucket-allocator-block-count=8"
    "memorysetup-main-allocator-block-size=16777216"
    "memorysetup-thread-allocator-block-size=16777216"
    "memorysetup-gfx-main-allocator-block-size=16777216"
    "memorysetup-gfx-thread-allocator-block-size=16777216"
    "memorysetup-cache-allocator-block-size=4194304"
    "memorysetup-typetree-allocator-block-size=2097152"
    "memorysetup-profiler-bucket-allocator-granularity=16"
    "memorysetup-profiler-bucket-allocator-bucket-count=8"
    "memorysetup-profiler-bucket-allocator-block-size=33554432"
    "memorysetup-profiler-bucket-allocator-block-count=8"
    "memorysetup-profiler-allocator-block-size=16777216"
    "memorysetup-profiler-editor-allocator-block-size=1048576"
    "memorysetup-temp-allocator-size-main=16777216"
    "memorysetup-job-temp-allocator-block-size=2097152"
    "memorysetup-job-temp-allocator-block-size-background=1048576"
    "memorysetup-job-temp-allocator-reduction-small-platforms=262144"
    "memorysetup-temp-allocator-size-background-worker=32768"
    "memorysetup-temp-allocator-size-job-worker=262144"
    "memorysetup-temp-allocator-size-preload-manager=33554432"
    "memorysetup-temp-allocator-size-nav-mesh-worker=65536"
    "memorysetup-temp-allocator-size-audio-worker=65536"
    "memorysetup-temp-allocator-size-cloud-worker=32768"
    "memorysetup-temp-allocator-size-gi-baking-worker=262144"
    "memorysetup-temp-allocator-size-gfx=262144"
Player connection [23444] Host "[IP] 192.168.31.204 [Port] 0 [Flags] 2 [Guid] 3303953958 [EditorId] 3303953958 [Version] 1048832 [Id] WindowsEditor(7,BF-202501021008) [Debug] 1 [PackageName] WindowsEditor [ProjectName] Editor" joined multi-casting on [225.0.0.222:54997]...

Player connection [23444] Host "[IP] 192.168.31.204 [Port] 0 [Flags] 2 [Guid] 3303953958 [EditorId] 3303953958 [Version] 1048832 [Id] WindowsEditor(7,BF-202501021008) [Debug] 1 [PackageName] WindowsEditor [ProjectName] Editor" joined alternative multi-casting on [225.0.0.222:34997]...

AS: AutoStreaming module initializing.
[Physics::Module] Initialized MultithreadedJobDispatcher with {0} workers.
Refreshing native plugins compatible for Editor in 82.07 ms, found 3 plugins.
Preloading 0 native plugins for Editor in 0.00 ms.
Initialize engine version: 2021.3.41f1c1 (abf9ed549ceb)
[Subsystems] Discovering subsystems at path D:/Unity Hub/Editor/2021.3.41f1c1/Editor/Data/Resources/UnitySubsystems
[Subsystems] Discovering subsystems at path D:/UnityProject/XiaoFeiJi/XiaoFeiJi/Assets
GfxDevice: creating device client; threaded=0; jobified=0
Direct3D:
    Version:  Direct3D 11.0 [level 11.1]
    Renderer: NVIDIA GeForce GTX 1050 (ID=0x1c8d)
    Vendor:   NVIDIA
    VRAM:     4004 MB
    Driver:   32.0.15.6636
Initialize mono
Mono path[0] = 'D:/Unity Hub/Editor/2021.3.41f1c1/Editor/Data/Managed'
Mono path[1] = 'D:/Unity Hub/Editor/2021.3.41f1c1/Editor/Data/MonoBleedingEdge/lib/mono/unityjit-win32'
Mono config path = 'D:/Unity Hub/Editor/2021.3.41f1c1/Editor/Data/MonoBleedingEdge/etc'
Using monoOptions --debugger-agent=transport=dt_socket,embedding=1,server=y,suspend=n,address=127.0.0.1:56360
Begin MonoManager ReloadAssembly
Registering precompiled unity dll's ...
Register platform support module: D:/Unity Hub/Editor/2021.3.41f1c1/Editor/Data/PlaybackEngines/WebGLSupport/UnityEditor.WebGL.Extensions.dll
Register platform support module: D:/Unity Hub/Editor/2021.3.41f1c1/Editor/Data/PlaybackEngines/AndroidPlayer/UnityEditor.Android.Extensions.dll
Register platform support module: D:/Unity Hub/Editor/2021.3.41f1c1/Editor/Data/PlaybackEngines/iOSSupport/UnityEditor.iOS.Extensions.dll
Register platform support module: D:/Unity Hub/Editor/2021.3.41f1c1/Editor/Data/PlaybackEngines/WindowsStandaloneSupport/UnityEditor.WindowsStandalone.Extensions.dll
Registered in 0.006168 seconds.
Native extension for WindowsStandalone target not found
[usbmuxd] Start listen thread
[usbmuxd] Listen thread started
Native extension for iOS target not found
Native extension for Android target not found
Android Extension - Scanning For ADB Devices 275 ms
Native extension for WebGL target not found
Refreshing native plugins compatible for Editor in 72.89 ms, found 3 plugins.
Preloading 0 native plugins for Editor in 0.00 ms.
Mono: successfully reloaded assembly
- Completed reload, in  1.275 seconds
Domain Reload Profiling:
	ReloadAssembly (1276ms)
		BeginReloadAssembly (130ms)
			ExecutionOrderSort (0ms)
			DisableScriptedObjects (0ms)
			BackupInstance (0ms)
			ReleaseScriptingObjects (0ms)
			CreateAndSetChildDomain (1ms)
		EndReloadAssembly (1007ms)
			LoadAssemblies (128ms)
			RebuildTransferFunctionScriptingTraits (0ms)
			SetupTypeCache (169ms)
			ReleaseScriptCaches (0ms)
			RebuildScriptCaches (44ms)
			SetupLoadedEditorAssemblies (731ms)
				LogAssemblyErrors (0ms)
				InitializePlatformSupportModulesInManaged (434ms)
				SetLoadedEditorAssemblies (0ms)
				RefreshPlugins (73ms)
				BeforeProcessingInitializeOnLoad (2ms)
				ProcessInitializeOnLoadAttributes (158ms)
				ProcessInitializeOnLoadMethodAttributes (63ms)
				AfterProcessingInitializeOnLoad (0ms)
				EditorAssembliesLoaded (0ms)
			ExecutionOrderSort2 (0ms)
			AwakeInstancesAfterBackupRestoration (0ms)
Platform modules already initialized, skipping
Registering precompiled user dll's ...
Registered in 0.008938 seconds.
Begin MonoManager ReloadAssembly
Native extension for WindowsStandalone target not found
Native extension for iOS target not found
Native extension for Android target not found
Native extension for WebGL target not found
Refreshing native plugins compatible for Editor in 0.84 ms, found 3 plugins.
Preloading 0 native plugins for Editor in 0.00 ms.
Package Manager log level set to [2]
[Package Manager] Server::EnsureServerProcessIsRunning -- launch failed, reason: Unity was launched with the -noUpm command-line argument
[Package Manager] Cannot connect to Unity Package Manager local server
Mono: successfully reloaded assembly
- Completed reload, in  2.105 seconds
Domain Reload Profiling:
	ReloadAssembly (2106ms)
		BeginReloadAssembly (186ms)
			ExecutionOrderSort (0ms)
			DisableScriptedObjects (10ms)
			BackupInstance (0ms)
			ReleaseScriptingObjects (0ms)
			CreateAndSetChildDomain (28ms)
		EndReloadAssembly (1764ms)
			LoadAssemblies (138ms)
			RebuildTransferFunctionScriptingTraits (0ms)
			SetupTypeCache (457ms)
			ReleaseScriptCaches (1ms)
			RebuildScriptCaches (83ms)
			SetupLoadedEditorAssemblies (1057ms)
				LogAssemblyErrors (0ms)
				InitializePlatformSupportModulesInManaged (44ms)
				SetLoadedEditorAssemblies (1ms)
				RefreshPlugins (1ms)
				BeforeProcessingInitializeOnLoad (103ms)
				ProcessInitializeOnLoadAttributes (833ms)
				ProcessInitializeOnLoadMethodAttributes (68ms)
				AfterProcessingInitializeOnLoad (7ms)
				EditorAssembliesLoaded (0ms)
			ExecutionOrderSort2 (0ms)
			AwakeInstancesAfterBackupRestoration (8ms)
Platform modules already initialized, skipping
========================================================================
Worker process is ready to serve import requests
Launched and connected shader compiler UnityShaderCompiler.exe after 0.04 seconds
Refreshing native plugins compatible for Editor in 1.49 ms, found 3 plugins.
Preloading 0 native plugins for Editor in 0.00 ms.
Unloading 3190 Unused Serialized files (Serialized files now loaded: 0)
Unloading 30 unused Assets / (46.8 KB). Loaded Objects now: 3675.
Memory consumption went from 121.2 MB to 121.1 MB.
Total: 3.883000 ms (FindLiveObjects: 0.380500 ms CreateObjectMapping: 0.185800 ms MarkObjects: 3.221600 ms  DeleteObjects: 0.093600 ms)

AssetImportParameters requested are different than current active one (requested -> active):
  custom:video-decoder-ogg-theora: a1e56fd34408186e4bbccfd4996cb3dc -> 
  custom:container-muxer-webm: aa71ff27fc2769a1b78a27578f13a17b -> 
  custom:container-demuxer-webm: 4f35f7cbe854078d1ac9338744f61a02 -> 
  custom:video-encoder-webm-vp8: eb34c28f22e8b96e1ab97ce403110664 -> 
  custom:CustomObjectIndexerAttribute: bc11b3a6c3213fcdd17b65e7da85e133 -> 
  custom:audio-encoder-webm-vorbis: bf7c407c2cedff20999df2af8eb42d56 -> 
  custom:framework-win-MediaFoundation: 216162199b28c13a410421893ffa2e32 -> 
  custom:SearchIndexIgnoredProperties: e643bd26f0fe6173181afceb89e7c659 -> 
  custom:container-demuxer-ogg: 62fdf1f143b41e24485cea50d1cbac27 -> 
  custom:video-decoder-webm-vp8: 9c59270c3fd7afecdb556c50c9e8de78 -> 
  custom:audio-decoder-ogg-vorbis: bf7c407c2cedff20999df2af8eb42d56 -> 
========================================================================
Received Prepare
Registering precompiled user dll's ...
Registered in 0.013056 seconds.
Begin MonoManager ReloadAssembly
Native extension for WindowsStandalone target not found
Native extension for iOS target not found
Native extension for Android target not found
Native extension for WebGL target not found
Refreshing native plugins compatible for Editor in 0.82 ms, found 3 plugins.
Preloading 0 native plugins for Editor in 0.00 ms.
[Package Manager] Server::EnsureServerProcessIsRunning -- launch failed, reason: Unity was launched with the -noUpm command-line argument
[Package Manager] Cannot connect to Unity Package Manager local server
Mono: successfully reloaded assembly
- Completed reload, in  2.230 seconds
Domain Reload Profiling:
	ReloadAssembly (2230ms)
		BeginReloadAssembly (246ms)
			ExecutionOrderSort (0ms)
			DisableScriptedObjects (9ms)
			BackupInstance (0ms)
			ReleaseScriptingObjects (0ms)
			CreateAndSetChildDomain (53ms)
		EndReloadAssembly (1838ms)
			LoadAssemblies (176ms)
			RebuildTransferFunctionScriptingTraits (0ms)
			SetupTypeCache (493ms)
			ReleaseScriptCaches (2ms)
			RebuildScriptCaches (69ms)
			SetupLoadedEditorAssemblies (1074ms)
				LogAssemblyErrors (0ms)
				InitializePlatformSupportModulesInManaged (50ms)
				SetLoadedEditorAssemblies (1ms)
				RefreshPlugins (1ms)
				BeforeProcessingInitializeOnLoad (94ms)
				ProcessInitializeOnLoadAttributes (836ms)
				ProcessInitializeOnLoadMethodAttributes (84ms)
				AfterProcessingInitializeOnLoad (9ms)
				EditorAssembliesLoaded (0ms)
			ExecutionOrderSort2 (0ms)
			AwakeInstancesAfterBackupRestoration (9ms)
Platform modules already initialized, skipping
Refreshing native plugins compatible for Editor in 1.45 ms, found 3 plugins.
Preloading 0 native plugins for Editor in 0.00 ms.
Unloading 3169 Unused Serialized files (Serialized files now loaded: 0)
Unloading 25 unused Assets / (21.9 KB). Loaded Objects now: 3678.
Memory consumption went from 119.3 MB to 119.3 MB.
Total: 5.993600 ms (FindLiveObjects: 0.625800 ms CreateObjectMapping: 0.300100 ms MarkObjects: 5.039800 ms  DeleteObjects: 0.026600 ms)

AssetImportParameters requested are different than current active one (requested -> active):
  custom:video-decoder-ogg-theora: a1e56fd34408186e4bbccfd4996cb3dc -> 
  custom:container-muxer-webm: aa71ff27fc2769a1b78a27578f13a17b -> 
  custom:container-demuxer-webm: 4f35f7cbe854078d1ac9338744f61a02 -> 
  custom:video-encoder-webm-vp8: eb34c28f22e8b96e1ab97ce403110664 -> 
  custom:CustomObjectIndexerAttribute: bc11b3a6c3213fcdd17b65e7da85e133 -> 
  custom:audio-encoder-webm-vorbis: bf7c407c2cedff20999df2af8eb42d56 -> 
  custom:framework-win-MediaFoundation: 216162199b28c13a410421893ffa2e32 -> 
  custom:SearchIndexIgnoredProperties: e643bd26f0fe6173181afceb89e7c659 -> 
  custom:container-demuxer-ogg: 62fdf1f143b41e24485cea50d1cbac27 -> 
  custom:video-decoder-webm-vp8: 9c59270c3fd7afecdb556c50c9e8de78 -> 
  custom:audio-decoder-ogg-vorbis: bf7c407c2cedff20999df2af8eb42d56 -> 
========================================================================
Received Import Request.
  Time since last request: 27328.550501 seconds.
  path: Assets/QS/Materials/_FX/FX-Faded-Ray-1.mat
  artifactKey: Guid(5fb3d68ad95d7284da8be55fd258481b) Importer(815301076,1909f56bfc062723c751e8b465ee728b)
Number of updated assets reloaded before import = 0
Start importing Assets/QS/Materials/_FX/FX-Faded-Ray-1.mat using Guid(5fb3d68ad95d7284da8be55fd258481b) Importer(815301076,1909f56bfc062723c751e8b465ee728b)  -> (artifact id: 'b01e2f5c5860c6ae13646f43f798f822') in 0.139116 seconds 
Number of asset objects unloaded after import = 2
========================================================================
Received Prepare
Registering precompiled user dll's ...
Registered in 0.008371 seconds.
Begin MonoManager ReloadAssembly
Native extension for WindowsStandalone target not found
Native extension for iOS target not found
Native extension for Android target not found
Native extension for WebGL target not found
Refreshing native plugins compatible for Editor in 0.83 ms, found 3 plugins.
Preloading 0 native plugins for Editor in 0.00 ms.
[Package Manager] Server::EnsureServerProcessIsRunning -- launch failed, reason: Unity was launched with the -noUpm command-line argument
[Package Manager] Cannot connect to Unity Package Manager local server
Mono: successfully reloaded assembly
- Completed reload, in  2.135 seconds
Domain Reload Profiling:
	ReloadAssembly (2136ms)
		BeginReloadAssembly (245ms)
			ExecutionOrderSort (0ms)
			DisableScriptedObjects (8ms)
			BackupInstance (0ms)
			ReleaseScriptingObjects (0ms)
			CreateAndSetChildDomain (64ms)
		EndReloadAssembly (1735ms)
			LoadAssemblies (156ms)
			RebuildTransferFunctionScriptingTraits (0ms)
			SetupTypeCache (475ms)
			ReleaseScriptCaches (2ms)
			RebuildScriptCaches (62ms)
			SetupLoadedEditorAssemblies (1021ms)
				LogAssemblyErrors (0ms)
				InitializePlatformSupportModulesInManaged (46ms)
				SetLoadedEditorAssemblies (1ms)
				RefreshPlugins (1ms)
				BeforeProcessingInitializeOnLoad (80ms)
				ProcessInitializeOnLoadAttributes (805ms)
				ProcessInitializeOnLoadMethodAttributes (81ms)
				AfterProcessingInitializeOnLoad (8ms)
				EditorAssembliesLoaded (0ms)
			ExecutionOrderSort2 (0ms)
			AwakeInstancesAfterBackupRestoration (8ms)
Platform modules already initialized, skipping
Refreshing native plugins compatible for Editor in 1.29 ms, found 3 plugins.
Preloading 0 native plugins for Editor in 0.00 ms.
Unloading 3169 Unused Serialized files (Serialized files now loaded: 0)
Unloading 25 unused Assets / (22.0 KB). Loaded Objects now: 3721.
Memory consumption went from 119.7 MB to 119.7 MB.
Total: 3.652800 ms (FindLiveObjects: 0.367600 ms CreateObjectMapping: 0.178900 ms MarkObjects: 3.078400 ms  DeleteObjects: 0.026800 ms)

AssetImportParameters requested are different than current active one (requested -> active):
  custom:video-decoder-ogg-theora: a1e56fd34408186e4bbccfd4996cb3dc -> 
  custom:container-muxer-webm: aa71ff27fc2769a1b78a27578f13a17b -> 
  custom:container-demuxer-webm: 4f35f7cbe854078d1ac9338744f61a02 -> 
  custom:video-encoder-webm-vp8: eb34c28f22e8b96e1ab97ce403110664 -> 
  custom:CustomObjectIndexerAttribute: bc11b3a6c3213fcdd17b65e7da85e133 -> 
  custom:audio-encoder-webm-vorbis: bf7c407c2cedff20999df2af8eb42d56 -> 
  custom:framework-win-MediaFoundation: 216162199b28c13a410421893ffa2e32 -> 
  custom:SearchIndexIgnoredProperties: e643bd26f0fe6173181afceb89e7c659 -> 
  custom:container-demuxer-ogg: 62fdf1f143b41e24485cea50d1cbac27 -> 
  custom:video-decoder-webm-vp8: 9c59270c3fd7afecdb556c50c9e8de78 -> 
  custom:audio-decoder-ogg-vorbis: bf7c407c2cedff20999df2af8eb42d56 -> 
========================================================================
Received Prepare
Registering precompiled user dll's ...
Registered in 0.009199 seconds.
Begin MonoManager ReloadAssembly
Native extension for WindowsStandalone target not found
Native extension for iOS target not found
Native extension for Android target not found
Native extension for WebGL target not found
Refreshing native plugins compatible for Editor in 0.86 ms, found 3 plugins.
Preloading 0 native plugins for Editor in 0.00 ms.
[Package Manager] Server::EnsureServerProcessIsRunning -- launch failed, reason: Unity was launched with the -noUpm command-line argument
[Package Manager] Cannot connect to Unity Package Manager local server
Mono: successfully reloaded assembly
- Completed reload, in  2.158 seconds
Domain Reload Profiling:
	ReloadAssembly (2160ms)
		BeginReloadAssembly (256ms)
			ExecutionOrderSort (0ms)
			DisableScriptedObjects (10ms)
			BackupInstance (0ms)
			ReleaseScriptingObjects (0ms)
			CreateAndSetChildDomain (67ms)
		EndReloadAssembly (1749ms)
			LoadAssemblies (161ms)
			RebuildTransferFunctionScriptingTraits (0ms)
			SetupTypeCache (420ms)
			ReleaseScriptCaches (2ms)
			RebuildScriptCaches (59ms)
			SetupLoadedEditorAssemblies (1079ms)
				LogAssemblyErrors (0ms)
				InitializePlatformSupportModulesInManaged (48ms)
				SetLoadedEditorAssemblies (1ms)
				RefreshPlugins (1ms)
				BeforeProcessingInitializeOnLoad (85ms)
				ProcessInitializeOnLoadAttributes (843ms)
				ProcessInitializeOnLoadMethodAttributes (86ms)
				AfterProcessingInitializeOnLoad (15ms)
				EditorAssembliesLoaded (0ms)
			ExecutionOrderSort2 (0ms)
			AwakeInstancesAfterBackupRestoration (10ms)
Platform modules already initialized, skipping
Refreshing native plugins compatible for Editor in 0.92 ms, found 3 plugins.
Preloading 0 native plugins for Editor in 0.00 ms.
Unloading 3169 Unused Serialized files (Serialized files now loaded: 0)
Unloading 25 unused Assets / (21.9 KB). Loaded Objects now: 3724.
Memory consumption went from 119.8 MB to 119.7 MB.
Total: 3.619600 ms (FindLiveObjects: 0.352300 ms CreateObjectMapping: 0.178600 ms MarkObjects: 3.069100 ms  DeleteObjects: 0.018700 ms)

AssetImportParameters requested are different than current active one (requested -> active):
  custom:video-decoder-ogg-theora: a1e56fd34408186e4bbccfd4996cb3dc -> 
  custom:container-muxer-webm: aa71ff27fc2769a1b78a27578f13a17b -> 
  custom:container-demuxer-webm: 4f35f7cbe854078d1ac9338744f61a02 -> 
  custom:video-encoder-webm-vp8: eb34c28f22e8b96e1ab97ce403110664 -> 
  custom:CustomObjectIndexerAttribute: bc11b3a6c3213fcdd17b65e7da85e133 -> 
  custom:audio-encoder-webm-vorbis: bf7c407c2cedff20999df2af8eb42d56 -> 
  custom:framework-win-MediaFoundation: 216162199b28c13a410421893ffa2e32 -> 
  custom:SearchIndexIgnoredProperties: e643bd26f0fe6173181afceb89e7c659 -> 
  custom:container-demuxer-ogg: 62fdf1f143b41e24485cea50d1cbac27 -> 
  custom:video-decoder-webm-vp8: 9c59270c3fd7afecdb556c50c9e8de78 -> 
  custom:audio-decoder-ogg-vorbis: bf7c407c2cedff20999df2af8eb42d56 -> 
========================================================================
Received Prepare
Registering precompiled user dll's ...
Registered in 0.009826 seconds.
Begin MonoManager ReloadAssembly
Native extension for WindowsStandalone target not found
Native extension for iOS target not found
Native extension for Android target not found
Native extension for WebGL target not found
Refreshing native plugins compatible for Editor in 0.86 ms, found 3 plugins.
Preloading 0 native plugins for Editor in 0.00 ms.
[Package Manager] Server::EnsureServerProcessIsRunning -- launch failed, reason: Unity was launched with the -noUpm command-line argument
[Package Manager] Cannot connect to Unity Package Manager local server
Mono: successfully reloaded assembly
- Completed reload, in  2.255 seconds
Domain Reload Profiling:
	ReloadAssembly (2256ms)
		BeginReloadAssembly (261ms)
			ExecutionOrderSort (0ms)
			DisableScriptedObjects (13ms)
			BackupInstance (0ms)
			ReleaseScriptingObjects (0ms)
			CreateAndSetChildDomain (72ms)
		EndReloadAssembly (1848ms)
			LoadAssemblies (154ms)
			RebuildTransferFunctionScriptingTraits (0ms)
			SetupTypeCache (520ms)
			ReleaseScriptCaches (2ms)
			RebuildScriptCaches (89ms)
			SetupLoadedEditorAssemblies (1038ms)
				LogAssemblyErrors (0ms)
				InitializePlatformSupportModulesInManaged (48ms)
				SetLoadedEditorAssemblies (1ms)
				RefreshPlugins (1ms)
				BeforeProcessingInitializeOnLoad (81ms)
				ProcessInitializeOnLoadAttributes (815ms)
				ProcessInitializeOnLoadMethodAttributes (81ms)
				AfterProcessingInitializeOnLoad (11ms)
				EditorAssembliesLoaded (0ms)
			ExecutionOrderSort2 (0ms)
			AwakeInstancesAfterBackupRestoration (14ms)
Platform modules already initialized, skipping
Refreshing native plugins compatible for Editor in 1.29 ms, found 3 plugins.
Preloading 0 native plugins for Editor in 0.00 ms.
Unloading 3169 Unused Serialized files (Serialized files now loaded: 0)
Unloading 25 unused Assets / (21.9 KB). Loaded Objects now: 3727.
Memory consumption went from 119.8 MB to 119.8 MB.
Total: 3.973500 ms (FindLiveObjects: 0.386500 ms CreateObjectMapping: 0.196100 ms MarkObjects: 3.366200 ms  DeleteObjects: 0.023400 ms)

AssetImportParameters requested are different than current active one (requested -> active):
  custom:video-decoder-ogg-theora: a1e56fd34408186e4bbccfd4996cb3dc -> 
  custom:container-muxer-webm: aa71ff27fc2769a1b78a27578f13a17b -> 
  custom:container-demuxer-webm: 4f35f7cbe854078d1ac9338744f61a02 -> 
  custom:video-encoder-webm-vp8: eb34c28f22e8b96e1ab97ce403110664 -> 
  custom:CustomObjectIndexerAttribute: bc11b3a6c3213fcdd17b65e7da85e133 -> 
  custom:audio-encoder-webm-vorbis: bf7c407c2cedff20999df2af8eb42d56 -> 
  custom:framework-win-MediaFoundation: 216162199b28c13a410421893ffa2e32 -> 
  custom:SearchIndexIgnoredProperties: e643bd26f0fe6173181afceb89e7c659 -> 
  custom:container-demuxer-ogg: 62fdf1f143b41e24485cea50d1cbac27 -> 
  custom:video-decoder-webm-vp8: 9c59270c3fd7afecdb556c50c9e8de78 -> 
  custom:audio-decoder-ogg-vorbis: bf7c407c2cedff20999df2af8eb42d56 -> 
========================================================================
Received Import Request.
  Time since last request: 178.375065 seconds.
  path: Assets/QS/Scenes/scene-menu.unity
  artifactKey: Guid(c05533404025ca341ad1a0d2c02a8182) Importer(815301076,1909f56bfc062723c751e8b465ee728b)
Number of updated assets reloaded before import = 0
Start importing Assets/QS/Scenes/scene-menu.unity using Guid(c05533404025ca341ad1a0d2c02a8182) Importer(815301076,1909f56bfc062723c751e8b465ee728b)  -> (artifact id: '9b8933d2cee38c94537c6b72a919fee6') in 0.008937 seconds 
Number of asset objects unloaded after import = 0
========================================================================
Received Import Request.
  Time since last request: 1.215163 seconds.
  path: Assets/QS/Scenes/scene-1.unity
  artifactKey: Guid(c308b18b0faafd74eabb4da377af5eab) Importer(815301076,1909f56bfc062723c751e8b465ee728b)
Number of updated assets reloaded before import = 0
Start importing Assets/QS/Scenes/scene-1.unity using Guid(c308b18b0faafd74eabb4da377af5eab) Importer(815301076,1909f56bfc062723c751e8b465ee728b)  -> (artifact id: '5ef16053fd8e670862da0e6048f8f705') in 0.001463 seconds 
Number of asset objects unloaded after import = 0
========================================================================
Received Import Request.
  Time since last request: 803.383580 seconds.
  path: Assets/QS/Sprites/Textures/gameover.png
  artifactKey: Guid(ce0a507cbcc90ff4aa0ca4727ca57e5d) Importer(815301076,1909f56bfc062723c751e8b465ee728b)
Number of updated assets reloaded before import = 0
Start importing Assets/QS/Sprites/Textures/gameover.png using Guid(ce0a507cbcc90ff4aa0ca4727ca57e5d) Importer(815301076,1909f56bfc062723c751e8b465ee728b)  -> (artifact id: 'bb458c136c8fe1d9507bf7bd9fb5d6e9') in 0.174273 seconds 
Number of asset objects unloaded after import = 3
========================================================================
Received Import Request.
  Time since last request: 508.256211 seconds.
  path: Assets/QS/Sprites/Textures/score-text.png
  artifactKey: Guid(a06570256390d15419a57191d8c92f21) Importer(815301076,1909f56bfc062723c751e8b465ee728b)
Number of updated assets reloaded before import = 0
Start importing Assets/QS/Sprites/Textures/score-text.png using Guid(a06570256390d15419a57191d8c92f21) Importer(815301076,1909f56bfc062723c751e8b465ee728b)  -> (artifact id: 'eda9bbc6a1f02f1dfe61682d53e69350') in 0.046918 seconds 
Number of asset objects unloaded after import = 9
========================================================================
Received Import Request.
  Time since last request: 159.913214 seconds.
  path: Assets/QS/Sprites/Textures/witch-tap-pause.png
  artifactKey: Guid(e00b9458ae5c1d045b5ff7550c8c0c8d) Importer(815301076,1909f56bfc062723c751e8b465ee728b)
Number of updated assets reloaded before import = 0
Start importing Assets/QS/Sprites/Textures/witch-tap-pause.png using Guid(e00b9458ae5c1d045b5ff7550c8c0c8d) Importer(815301076,1909f56bfc062723c751e8b465ee728b)  -> (artifact id: '60f4270feed26615678a02477a96fd3a') in 0.044751 seconds 
Number of asset objects unloaded after import = 3
========================================================================
Received Import Request.
  Time since last request: 5.545901 seconds.
  path: Assets/QS/Sprites/Textures/Vectors
  artifactKey: Guid(86b88c7ae56f77845b8ac8999e054aac) Importer(815301076,1909f56bfc062723c751e8b465ee728b)
Number of updated assets reloaded before import = 0
Start importing Assets/QS/Sprites/Textures/Vectors using Guid(86b88c7ae56f77845b8ac8999e054aac) Importer(815301076,1909f56bfc062723c751e8b465ee728b)  -> (artifact id: '4dcb3c17b5433d07a7f3e2bbe85e06c4') in 0.001809 seconds 
Number of asset objects unloaded after import = 0
========================================================================
Received Import Request.
  Time since last request: 0.074094 seconds.
  path: Assets/QS/Sprites/Textures/Vectors/background-controls.png
  artifactKey: Guid(e355650e952396341850f7591f2b7989) Importer(815301076,1909f56bfc062723c751e8b465ee728b)
Number of updated assets reloaded before import = 0
Start importing Assets/QS/Sprites/Textures/Vectors/background-controls.png using Guid(e355650e952396341850f7591f2b7989) Importer(815301076,1909f56bfc062723c751e8b465ee728b)  -> (artifact id: 'eab3437791f70b9a8becfb2ee246692d') in 0.046370 seconds 
Number of asset objects unloaded after import = 3
========================================================================
Received Import Request.
  Time since last request: 0.000024 seconds.
  path: Assets/QS/Sprites/Textures/Vectors/btn-gun-number1-red.png
  artifactKey: Guid(c5b400b2efc20d94987889c2df8311a2) Importer(815301076,1909f56bfc062723c751e8b465ee728b)
Number of updated assets reloaded before import = 0
Start importing Assets/QS/Sprites/Textures/Vectors/btn-gun-number1-red.png using Guid(c5b400b2efc20d94987889c2df8311a2) Importer(815301076,1909f56bfc062723c751e8b465ee728b)  -> (artifact id: '14414799a350973cf4126d59efcaafd5') in 0.018049 seconds 
Number of asset objects unloaded after import = 3
========================================================================
Received Import Request.
  Time since last request: 0.000031 seconds.
  path: Assets/QS/Sprites/Textures/Vectors/btn-shutdown.png
  artifactKey: Guid(0f1609cb326b1694188a1eacb327e157) Importer(815301076,1909f56bfc062723c751e8b465ee728b)
Number of updated assets reloaded before import = 0
Start importing Assets/QS/Sprites/Textures/Vectors/btn-shutdown.png using Guid(0f1609cb326b1694188a1eacb327e157) Importer(815301076,1909f56bfc062723c751e8b465ee728b)  -> (artifact id: '7c353ea0a07c1c3e1634e37a03442cf8') in 0.016679 seconds 
Number of asset objects unloaded after import = 3
========================================================================
Received Import Request.
  Time since last request: 0.000020 seconds.
  path: Assets/QS/Sprites/Textures/Vectors/rockDestroyed.png
  artifactKey: Guid(3202564d59e13fc4f838b8ff6e82bf29) Importer(815301076,1909f56bfc062723c751e8b465ee728b)
Number of updated assets reloaded before import = 0
Start importing Assets/QS/Sprites/Textures/Vectors/rockDestroyed.png using Guid(3202564d59e13fc4f838b8ff6e82bf29) Importer(815301076,1909f56bfc062723c751e8b465ee728b)  -> (artifact id: '52cb09e9f2d14a18ebfd326bc3175171') in 0.019168 seconds 
Number of asset objects unloaded after import = 3
========================================================================
Received Import Request.
  Time since last request: 0.000023 seconds.
  path: Assets/QS/Sprites/Textures/Vectors/btn-music-red.png
  artifactKey: Guid(574108d7c35d2344db24c84298b9fa53) Importer(815301076,1909f56bfc062723c751e8b465ee728b)
Number of updated assets reloaded before import = 0
Start importing Assets/QS/Sprites/Textures/Vectors/btn-music-red.png using Guid(574108d7c35d2344db24c84298b9fa53) Importer(815301076,1909f56bfc062723c751e8b465ee728b)  -> (artifact id: 'ee604e26b937664d0d1887c8041a1396') in 0.014533 seconds 
Number of asset objects unloaded after import = 3
========================================================================
Received Import Request.
  Time since last request: 0.000020 seconds.
  path: Assets/QS/Sprites/Textures/Vectors/background.png
  artifactKey: Guid(ef53082e041cd2a418a9cc71d3dd1977) Importer(815301076,1909f56bfc062723c751e8b465ee728b)
Number of updated assets reloaded before import = 0
Start importing Assets/QS/Sprites/Textures/Vectors/background.png using Guid(ef53082e041cd2a418a9cc71d3dd1977) Importer(815301076,1909f56bfc062723c751e8b465ee728b)  -> (artifact id: 'db1ca13df3c0de4f2279b5045c7935e7') in 0.058086 seconds 
Number of asset objects unloaded after import = 3
========================================================================
Received Import Request.
  Time since last request: 0.000022 seconds.
  path: Assets/QS/Sprites/Textures/Vectors/btn-pause.png
  artifactKey: Guid(f7b02c89d58174c46ad40f5fae4b18c2) Importer(815301076,1909f56bfc062723c751e8b465ee728b)
Number of updated assets reloaded before import = 0
Start importing Assets/QS/Sprites/Textures/Vectors/btn-pause.png using Guid(f7b02c89d58174c46ad40f5fae4b18c2) Importer(815301076,1909f56bfc062723c751e8b465ee728b)  -> (artifact id: '17af7b9923dbfe21ba59d5e1b39b8cf2') in 0.016959 seconds 
Number of asset objects unloaded after import = 3
========================================================================
Received Import Request.
  Time since last request: 0.000021 seconds.
  path: Assets/QS/Sprites/Textures/Vectors/icon-1.png
  artifactKey: Guid(447a04c9ef3313c4abeb6d3b0291b0c8) Importer(815301076,1909f56bfc062723c751e8b465ee728b)
Number of updated assets reloaded before import = 0
Start importing Assets/QS/Sprites/Textures/Vectors/icon-1.png using Guid(447a04c9ef3313c4abeb6d3b0291b0c8) Importer(815301076,1909f56bfc062723c751e8b465ee728b)  -> (artifact id: '88addd6bd6b8350d8eb230b57edc28a1') in 0.017358 seconds 
Number of asset objects unloaded after import = 3
========================================================================
Received Import Request.
  Time since last request: 0.000021 seconds.
  path: Assets/QS/Sprites/Textures/Vectors/GrassThinSprite.png
  artifactKey: Guid(669bb5b25e949aa409250ed1a383eb54) Importer(815301076,1909f56bfc062723c751e8b465ee728b)
Number of updated assets reloaded before import = 0
Start importing Assets/QS/Sprites/Textures/Vectors/GrassThinSprite.png using Guid(669bb5b25e949aa409250ed1a383eb54) Importer(815301076,1909f56bfc062723c751e8b465ee728b)  -> (artifact id: '3b615b582d14b9cd08daea2c75033bfc') in 0.040302 seconds 
Number of asset objects unloaded after import = 3
========================================================================
Received Import Request.
  Time since last request: 0.000021 seconds.
  path: Assets/QS/Sprites/Textures/Vectors/btn-reset-red.png
  artifactKey: Guid(2d50b0835a166ea4da843dac0cfe55db) Importer(815301076,1909f56bfc062723c751e8b465ee728b)
Number of updated assets reloaded before import = 0
Start importing Assets/QS/Sprites/Textures/Vectors/btn-reset-red.png using Guid(2d50b0835a166ea4da843dac0cfe55db) Importer(815301076,1909f56bfc062723c751e8b465ee728b)  -> (artifact id: 'd8a7191201dced2b2ff70a2bb74efea3') in 0.014901 seconds 
Number of asset objects unloaded after import = 3
========================================================================
Received Import Request.
  Time since last request: 0.000022 seconds.
  path: Assets/QS/Sprites/Textures/Vectors/btn-reset.png
  artifactKey: Guid(dec3b15b3fc59124991fcd4ec949e4d7) Importer(815301076,1909f56bfc062723c751e8b465ee728b)
Number of updated assets reloaded before import = 0
Start importing Assets/QS/Sprites/Textures/Vectors/btn-reset.png using Guid(dec3b15b3fc59124991fcd4ec949e4d7) Importer(815301076,1909f56bfc062723c751e8b465ee728b)  -> (artifact id: '94d1d4abef761b269cdd460872180b75') in 0.015958 seconds 
Number of asset objects unloaded after import = 3
========================================================================
Received Import Request.
  Time since last request: 0.000031 seconds.
  path: Assets/QS/Sprites/Textures/Vectors/witch-tap-pause.png
  artifactKey: Guid(e3f9eaaf358e6074c98340768213ad23) Importer(815301076,1909f56bfc062723c751e8b465ee728b)
Number of updated assets reloaded before import = 0
Start importing Assets/QS/Sprites/Textures/Vectors/witch-tap-pause.png using Guid(e3f9eaaf358e6074c98340768213ad23) Importer(815301076,1909f56bfc062723c751e8b465ee728b)  -> (artifact id: '8af67f55851c0e759d9870c5aaadfa7a') in 0.039673 seconds 
Number of asset objects unloaded after import = 3
========================================================================
Received Import Request.
  Time since last request: 0.000035 seconds.
  path: Assets/QS/Sprites/Textures/Vectors/btn-music-orange.png
  artifactKey: Guid(f96bc8de0756ffa4789d17df250d1bd1) Importer(815301076,1909f56bfc062723c751e8b465ee728b)
Number of updated assets reloaded before import = 0
Start importing Assets/QS/Sprites/Textures/Vectors/btn-music-orange.png using Guid(f96bc8de0756ffa4789d17df250d1bd1) Importer(815301076,1909f56bfc062723c751e8b465ee728b)  -> (artifact id: 'd5e9af725f7805bdbe4da214437b090f') in 0.018452 seconds 
Number of asset objects unloaded after import = 3
========================================================================
Received Import Request.
  Time since last request: 0.000021 seconds.
  path: Assets/QS/Sprites/Textures/Vectors/background2.png
  artifactKey: Guid(416c710df88d38548b919bba2b136874) Importer(815301076,1909f56bfc062723c751e8b465ee728b)
Number of updated assets reloaded before import = 0
Start importing Assets/QS/Sprites/Textures/Vectors/background2.png using Guid(416c710df88d38548b919bba2b136874) Importer(815301076,1909f56bfc062723c751e8b465ee728b)  -> (artifact id: '0ce1d811ec45f70f67c9c16387b01761') in 0.037923 seconds 
Number of asset objects unloaded after import = 3
========================================================================
Received Import Request.
  Time since last request: 0.000021 seconds.
  path: Assets/QS/Sprites/Textures/Vectors/btn-shutdown-red.png
  artifactKey: Guid(2920a0760ba3d6042b3cb96f56638fea) Importer(815301076,1909f56bfc062723c751e8b465ee728b)
Number of updated assets reloaded before import = 0
Start importing Assets/QS/Sprites/Textures/Vectors/btn-shutdown-red.png using Guid(2920a0760ba3d6042b3cb96f56638fea) Importer(815301076,1909f56bfc062723c751e8b465ee728b)  -> (artifact id: 'a19387f1804d7ec3eb2189b8c34e9277') in 0.016593 seconds 
Number of asset objects unloaded after import = 3
========================================================================
Received Import Request.
  Time since last request: 0.000022 seconds.
  path: Assets/QS/Sprites/Textures/Vectors/gameover.png
  artifactKey: Guid(2461d2c1805e3724889566e1386ec7d5) Importer(815301076,1909f56bfc062723c751e8b465ee728b)
Number of updated assets reloaded before import = 0
Start importing Assets/QS/Sprites/Textures/Vectors/gameover.png using Guid(2461d2c1805e3724889566e1386ec7d5) Importer(815301076,1909f56bfc062723c751e8b465ee728b)  -> (artifact id: 'ba5431246bd2658f6a1430ee42af41f5') in 0.042086 seconds 
Number of asset objects unloaded after import = 3
========================================================================
Received Import Request.
  Time since last request: 0.000021 seconds.
  path: Assets/QS/Sprites/Textures/Vectors/rock.png
  artifactKey: Guid(08a993845b9e57f4887eda346d251795) Importer(815301076,1909f56bfc062723c751e8b465ee728b)
Number of updated assets reloaded before import = 0
Start importing Assets/QS/Sprites/Textures/Vectors/rock.png using Guid(08a993845b9e57f4887eda346d251795) Importer(815301076,1909f56bfc062723c751e8b465ee728b)  -> (artifact id: 'f5438b310da41c222b5ac6806a4c6379') in 0.015549 seconds 
Number of asset objects unloaded after import = 3
========================================================================
Received Import Request.
  Time since last request: 0.000020 seconds.
  path: Assets/QS/Sprites/Textures/Vectors/enemy.png
  artifactKey: Guid(3761d573dfb7ca545ac7caecb9ec91c3) Importer(815301076,1909f56bfc062723c751e8b465ee728b)
Number of updated assets reloaded before import = 0
Start importing Assets/QS/Sprites/Textures/Vectors/enemy.png using Guid(3761d573dfb7ca545ac7caecb9ec91c3) Importer(815301076,1909f56bfc062723c751e8b465ee728b)  -> (artifact id: '80f979bd1c35fb3935062b9bbaddb619') in 0.013296 seconds 
Number of asset objects unloaded after import = 3
========================================================================
Received Import Request.
  Time since last request: 0.000020 seconds.
  path: Assets/QS/Sprites/Textures/Vectors/btn-transparent.png
  artifactKey: Guid(fc143decf01ee00408cb15a1b47e228d) Importer(815301076,1909f56bfc062723c751e8b465ee728b)
Number of updated assets reloaded before import = 0
Start importing Assets/QS/Sprites/Textures/Vectors/btn-transparent.png using Guid(fc143decf01ee00408cb15a1b47e228d) Importer(815301076,1909f56bfc062723c751e8b465ee728b)  -> (artifact id: '28f3bcfd0918f4a7c7060ff70e6a767b') in 0.018888 seconds 
Number of asset objects unloaded after import = 3
========================================================================
Received Import Request.
  Time since last request: 0.000022 seconds.
  path: Assets/QS/Sprites/Textures/Vectors/background-menu.png
  artifactKey: Guid(61b306bec6d97074798f3df11de4473d) Importer(815301076,1909f56bfc062723c751e8b465ee728b)
Number of updated assets reloaded before import = 0
Start importing Assets/QS/Sprites/Textures/Vectors/background-menu.png using Guid(61b306bec6d97074798f3df11de4473d) Importer(815301076,1909f56bfc062723c751e8b465ee728b)  -> (artifact id: '240c294d03533551654fa7ca6f9a3cd6') in 0.041428 seconds 
Number of asset objects unloaded after import = 3
========================================================================
Received Import Request.
  Time since last request: 7.882641 seconds.
  path: Assets/QS/Sprites/Textures/Transparent PNG
  artifactKey: Guid(c62783d8b14f17b49b75bb7c73f69fef) Importer(815301076,1909f56bfc062723c751e8b465ee728b)
Number of updated assets reloaded before import = 0
Start importing Assets/QS/Sprites/Textures/Transparent PNG using Guid(c62783d8b14f17b49b75bb7c73f69fef) Importer(815301076,1909f56bfc062723c751e8b465ee728b)  -> (artifact id: '918ee80462b26fbf42a4adac2b41e651') in 0.001406 seconds 
Number of asset objects unloaded after import = 0
========================================================================
Received Import Request.
  Time since last request: 1.582891 seconds.
  path: Assets/QS/Sprites/Textures/Transparent PNG/Coin
  artifactKey: Guid(6fcd6d54ff572664ca854427cad8000b) Importer(815301076,1909f56bfc062723c751e8b465ee728b)
Number of updated assets reloaded before import = 0
Start importing Assets/QS/Sprites/Textures/Transparent PNG/Coin using Guid(6fcd6d54ff572664ca854427cad8000b) Importer(815301076,1909f56bfc062723c751e8b465ee728b)  -> (artifact id: 'ce0e48309453f164b1d6cfeec4cb4013') in 0.001768 seconds 
Number of asset objects unloaded after import = 0
========================================================================
Received Import Request.
  Time since last request: 0.056332 seconds.
  path: Assets/QS/Sprites/Textures/Transparent PNG/Coin/frame-1.png
  artifactKey: Guid(7793f329fc60e9f4d95107066ffd047f) Importer(815301076,1909f56bfc062723c751e8b465ee728b)
Number of updated assets reloaded before import = 0
Start importing Assets/QS/Sprites/Textures/Transparent PNG/Coin/frame-1.png using Guid(7793f329fc60e9f4d95107066ffd047f) Importer(815301076,1909f56bfc062723c751e8b465ee728b)  -> (artifact id: 'a7d6a94432834f1dcbb997b86c8243ba') in 0.052417 seconds 
Number of asset objects unloaded after import = 3
========================================================================
Received Import Request.
  Time since last request: 0.000021 seconds.
  path: Assets/QS/Sprites/Textures/Transparent PNG/Coin/frame-9.png
  artifactKey: Guid(6b3fc34966772d3448a25463029d9159) Importer(815301076,1909f56bfc062723c751e8b465ee728b)
Number of updated assets reloaded before import = 0
Start importing Assets/QS/Sprites/Textures/Transparent PNG/Coin/frame-9.png using Guid(6b3fc34966772d3448a25463029d9159) Importer(815301076,1909f56bfc062723c751e8b465ee728b)  -> (artifact id: '3da68eb56df01675554f8c9d7e7a4a93') in 0.033146 seconds 
Number of asset objects unloaded after import = 3
========================================================================
Received Import Request.
  Time since last request: 0.000021 seconds.
  path: Assets/QS/Sprites/Textures/Transparent PNG/Coin/frame-7.png
  artifactKey: Guid(14119125a5c91454c955c70886ea861a) Importer(815301076,1909f56bfc062723c751e8b465ee728b)
Number of updated assets reloaded before import = 0
Start importing Assets/QS/Sprites/Textures/Transparent PNG/Coin/frame-7.png using Guid(14119125a5c91454c955c70886ea861a) Importer(815301076,1909f56bfc062723c751e8b465ee728b)  -> (artifact id: '96818d3d657df9a583f1246591c44e16') in 0.027889 seconds 
Number of asset objects unloaded after import = 3
Editor requested this worker to shutdown with reason: Scaling down because of idle timeout
AssetImportWorker is now disconnected from the server
Process exiting
Exiting without the bug reporter. Application will terminate with return code 0